<?xml version="1.0" encoding="UTF-8"?>
<testsuite xmlns:xsi="http://www.w3.org/2001/XMLSchema-instance" xsi:noNamespaceSchemaLocation="https://maven.apache.org/surefire/maven-surefire-plugin/xsd/surefire-test-report-3.0.xsd" version="3.0" name="TestNG_Allure.TestSite" time="10.678" tests="3" errors="0" skipped="0" failures="0">
  <properties>
[...]
</properties>
  <testcase name="Testcase3" classname="TestNG_Allure.TestSite" time="1.048"/>
  <testcase name="Testcase2" classname="TestNG_Allure.TestSite" time="1.169"/>
  <testcase name="Testcase1" classname="TestNG_Allure.TestSite" time="1.395"/>
</testsuite>