<?xml version="1.0" encoding="UTF-8"?>
<!-- Generated by org.testng.reporters.JUnitXMLReporter -->
<testsuite ignored="0" hostname="NCSPHPF3L3FWQC0" failures="0" tests="3" name="Surefire test" time="9.472" errors="0" timestamp="2024-06-03T16:26:37 CST">
  <testcase classname="TestNG_Allure.TestSite" name="Testcase3" time="0.88"/>
  <testcase classname="TestNG_Allure.TestSite" name="Testcase2" time="1.162"/>
  <testcase classname="TestNG_Allure.TestSite" name="Testcase1" time="1.388"/>
</testsuite> <!-- Surefire test -->
